<?xml version="1.0" encoding="UTF-8"?>
<!-- Generated by org.testng.reporters.JUnitReportReporter -->
<testsuite hostname="HaripriyaAcer" failures="0" tests="6" name="com.task1.org.Task1" time="5.023" errors="0" timestamp="2025-04-02T22:49:51 IST" skipped="5">
  <testcase classname="com.task1.org.Task1" name="TestCase_005" time="5.023"/>
  <system-out/>
  <testcase classname="com.task1.org.Task1" name="TestCase_001">
    <skipped/>
  </testcase> <!-- TestCase_001 -->
  <system-out/>
  <testcase classname="com.task1.org.Task1" name="TestCase_006">
    <skipped/>
  </testcase> <!-- TestCase_006 -->
  <system-out/>
  <testcase classname="com.task1.org.Task1" name="TestCase_004">
    <skipped/>
  </testcase> <!-- TestCase_004 -->
  <system-out/>
  <testcase classname="com.task1.org.Task1" name="TestCase_003">
    <skipped/>
  </testcase> <!-- TestCase_003 -->
  <system-out/>
  <testcase classname="com.task1.org.Task1" name="TestCase_002">
    <skipped/>
  </testcase> <!-- TestCase_002 -->
  <system-out/>
</testsuite> <!-- com.task1.org.Task1 -->
