<?xml version="1.0" encoding="UTF-8"?>
<!-- Generated by org.testng.reporters.JUnitReportReporter -->
<testsuite hostname="HaripriyaAcer" failures="0" tests="6" name="com.task1.org.Task1" time="37.736" errors="0" timestamp="2025-04-02T21:53:45 IST" skipped="0">
  <testcase classname="com.task1.org.Task1" name="TestCase_001" time="5.096"/>
  <system-out/>
  <testcase classname="com.task1.org.Task1" name="TestCase_002" time="5.621"/>
  <system-out/>
  <testcase classname="com.task1.org.Task1" name="TestCase_003" time="9.045"/>
  <system-out/>
  <testcase classname="com.task1.org.Task1" name="TestCase_004" time="6.864"/>
  <system-out/>
  <testcase classname="com.task1.org.Task1" name="TestCase_005" time="4.989"/>
  <system-out/>
  <testcase classname="com.task1.org.Task1" name="TestCase_006" time="6.121"/>
  <system-out/>
</testsuite> <!-- com.task1.org.Task1 -->
