<?xml version="1.0" encoding="UTF-8"?>
<!-- Generated by org.testng.reporters.JUnitReportReporter -->
<testsuite hostname="HaripriyaAcer" failures="0" tests="7" name="com.Task2.org.Task2" time="121.699" errors="0" timestamp="2025-04-04T23:53:17 IST" skipped="0">
  <testcase classname="com.Task2.org.Task2" name="TC_004" time="9.049"/>
  <system-out/>
  <testcase classname="com.Task2.org.Task2" name="TC_003" time="10.779"/>
  <system-out/>
  <testcase classname="com.Task2.org.Task2" name="TC_005" time="21.804"/>
  <system-out/>
  <testcase classname="com.Task2.org.Task2" name="TC_006" time="30.565"/>
  <system-out/>
  <testcase classname="com.Task2.org.Task2" name="TC_007" time="31.238"/>
  <system-out/>
  <testcase classname="com.Task2.org.Task2" name="TC_001" time="10.343"/>
  <system-out/>
  <testcase classname="com.Task2.org.Task2" name="TC_002" time="7.921"/>
  <system-out/>
</testsuite> <!-- com.Task2.org.Task2 -->
