<?xml version="1.0" encoding="UTF-8"?>
<!-- Generated by org.testng.reporters.JUnitReportReporter -->
<testsuite hostname="HaripriyaAcer" failures="0" tests="1" name="com.Task2.org.Task2" time="9.174" errors="0" timestamp="2025-04-04T23:39:31 IST" skipped="0">
  <testcase classname="com.Task2.org.Task2" name="TC_007" time="9.174"/>
  <system-out/>
</testsuite> <!-- com.Task2.org.Task2 -->
